<?xml version="1.0" encoding="UTF-8"?>
<!-- Generated by org.testng.reporters.JUnitReportReporter -->
<testsuite hostname="NAG1-LHP-N76161" failures="0" tests="6" name="test_ng.groups" time="0.009" errors="0" timestamp="2022-08-12T14:31:39 IST" skipped="0">
  <testcase classname="test_ng.groups" name="OHRMUser" time="0.002"/>
  <system-out/>
  <testcase classname="test_ng.groups" name="VerifyEcho" time="0.000"/>
  <system-out/>
  <testcase classname="test_ng.groups" name="OHRMAddUser" time="0.002"/>
  <system-out/>
  <testcase classname="test_ng.groups" name="OHRMUsermanagement" time="0.000"/>
  <system-out/>
  <testcase classname="test_ng.groups" name="OLALogin" time="0.004"/>
  <system-out/>
  <testcase classname="test_ng.groups" name="OHRMLogin" time="0.001"/>
  <system-out/>
</testsuite> <!-- test_ng.groups -->
