<?xml version="1.0" encoding="UTF-8"?>
<!-- Generated by org.testng.reporters.JUnitReportReporter -->
<testsuite hostname="NAG1-LHP-N76161" failures="0" tests="4" name="test_ng.test1" time="0.014" errors="0" timestamp="2022-08-12T12:48:02 IST" skipped="0">
  <testcase classname="test_ng.test1" name="OHRMLogin" time="0.003"/>
  <system-out/>
  <testcase classname="test_ng.test1" name="UberLogin" time="0.007"/>
  <system-out/>
  <testcase classname="test_ng.test1" name="BookMyShowLogin" time="0.003"/>
  <system-out/>
  <testcase classname="test_ng.test1" name="OLALogin" time="0.001"/>
  <system-out/>
</testsuite> <!-- test_ng.test1 -->
