<?xml version="1.0" encoding="UTF-8"?>
<!-- Generated by org.testng.reporters.JUnitReportReporter -->
<testsuite hostname="NAG1-LHP-N76161" failures="0" tests="1" name="test_ng.test2" time="0.012" errors="0" timestamp="2022-08-12T11:22:24 IST" skipped="0">
  <testcase classname="test_ng.test2" name="VerifyEcho" time="0.012"/>
  <system-out/>
</testsuite> <!-- test_ng.test2 -->
