<?xml version="1.0" encoding="UTF-8"?>
<!-- Generated by org.testng.reporters.JUnitReportReporter -->
<testsuite hostname="NAG1-LHP-N76161" failures="0" tests="1" name="test_ng.temp" time="0.011" errors="0" timestamp="2022-08-12T11:08:15 IST" skipped="0">
  <testcase classname="test_ng.temp" name="VerifyLogin" time="0.011"/>
  <system-out/>
</testsuite> <!-- test_ng.temp -->
